/*C1*/SET SCHEMA SYSTEM_LOBS
INSERT INTO BLOCKS VALUES(0,2147483647,0)
COMMIT
/*C2*/SET SCHEMA PUBLIC
CREATE TABLE IF NOT EXISTS game ( game_uuid VARCHAR(36), opponent_player VARCHAR(256),points INTEGER,time TIMESTAMP, PRIMARY KEY (game_uuid))
CREATE TABLE IF NOT EXISTS game_set ( game_uuid VARCHAR(36), set_number INTEGER,we_started BOOLEAN,we_won BOOLEAN,PRIMARY KEY (game_uuid, set_number))
CREATE TABLE IF NOT EXISTS turn ( game_uuid VARCHAR(36), set_number INTEGER,turn_number INTEGER,is_opponent BOOLEAN,column INTEGER,PRIMARY KEY (game_uuid, set_number, turn_number))
INSERT INTO TURN VALUES('579c1d7a-bddc-4786-928c-7565e213c057',0,0,TRUE,0)
COMMIT
INSERT INTO TURN VALUES('579c1d7a-bddc-4786-928c-7565e213c057',0,1,FALSE,1)
COMMIT
INSERT INTO TURN VALUES('579c1d7a-bddc-4786-928c-7565e213c057',0,2,TRUE,0)
COMMIT
INSERT INTO TURN VALUES('579c1d7a-bddc-4786-928c-7565e213c057',0,3,FALSE,1)
COMMIT
INSERT INTO TURN VALUES('579c1d7a-bddc-4786-928c-7565e213c057',0,4,TRUE,0)
COMMIT
INSERT INTO TURN VALUES('579c1d7a-bddc-4786-928c-7565e213c057',0,5,FALSE,1)
COMMIT
INSERT INTO TURN VALUES('579c1d7a-bddc-4786-928c-7565e213c057',0,6,TRUE,0)
COMMIT
INSERT INTO GAME_SET VALUES('579c1d7a-bddc-4786-928c-7565e213c057',0,FALSE,FALSE)
COMMIT
INSERT INTO TURN VALUES('579c1d7a-bddc-4786-928c-7565e213c057',1,0,FALSE,1)
COMMIT
INSERT INTO TURN VALUES('579c1d7a-bddc-4786-928c-7565e213c057',1,1,TRUE,2)
COMMIT
INSERT INTO TURN VALUES('579c1d7a-bddc-4786-928c-7565e213c057',1,2,FALSE,1)
COMMIT
INSERT INTO TURN VALUES('579c1d7a-bddc-4786-928c-7565e213c057',1,3,TRUE,2)
COMMIT
INSERT INTO TURN VALUES('579c1d7a-bddc-4786-928c-7565e213c057',1,4,FALSE,1)
COMMIT
INSERT INTO TURN VALUES('579c1d7a-bddc-4786-928c-7565e213c057',1,5,TRUE,2)
COMMIT
INSERT INTO TURN VALUES('579c1d7a-bddc-4786-928c-7565e213c057',1,6,FALSE,1)
COMMIT
INSERT INTO GAME_SET VALUES('579c1d7a-bddc-4786-928c-7565e213c057',1,TRUE,TRUE)
COMMIT
